[INFO] Scanning for projects...
[INFO] 
[INFO] --------------< org.codice.ddf.search:catalog-ui-search >---------------
[INFO] Building DDF :: Catalog :: UI :: Catalog UI Search 4.2.1
[INFO] -------------------------------[ bundle ]-------------------------------
[INFO] 
[INFO] --- maven-clean-plugin:2.5:clean (default-clean) @ catalog-ui-search ---
[INFO] Deleting /opt/projects/ddf-ui-real/ui-backend/catalog-ui-search/target
[INFO] 
[INFO] --- fmt-maven-plugin:2.3.0:check (default) @ catalog-ui-search ---
[debug] Using Google style
[INFO] Processed 100 files (0 non-complying).
[INFO] Processed 200 files (0 non-complying).
[INFO] Processed 231 files (0 non-complying).
[INFO] 
[INFO] --- maven-resources-plugin:3.0.2:resources (default-resources) @ catalog-ui-search ---
[INFO] Using 'UTF-8' encoding to copy filtered resources.
[INFO] Copying 38 resources
[INFO] 
[INFO] --- maven-compiler-plugin:3.8.1:compile (default-compile) @ catalog-ui-search ---
[INFO] Changes detected - recompiling the module!
[INFO] Compiling 169 source files to /opt/projects/ddf-ui-real/ui-backend/catalog-ui-search/target/classes
[INFO] /opt/projects/ddf-ui-real/ui-backend/catalog-ui-search/src/main/java/org/codice/ddf/catalog/ui/query/FeedbackApplication.java:[-1,-1] Some input files use or override a deprecated API.
[INFO] /opt/projects/ddf-ui-real/ui-backend/catalog-ui-search/src/main/java/org/codice/ddf/catalog/ui/query/FeedbackApplication.java:[-1,-1] Recompile with -Xlint:deprecation for details.
[INFO] /opt/projects/ddf-ui-real/ui-backend/catalog-ui-search/src/main/java/org/codice/ddf/catalog/ui/query/FeedbackApplication.java:[-1,-1] Some input files use unchecked or unsafe operations.
[INFO] /opt/projects/ddf-ui-real/ui-backend/catalog-ui-search/src/main/java/org/codice/ddf/catalog/ui/query/FeedbackApplication.java:[-1,-1] Recompile with -Xlint:unchecked for details.
[INFO] 
[INFO] --- gmavenplus-plugin:1.5:compile (default) @ catalog-ui-search ---
[INFO] No sources specified for compilation.  Skipping.
[INFO] 
[INFO] --- maven-resources-plugin:3.0.2:testResources (default-testResources) @ catalog-ui-search ---
[INFO] Using 'UTF-8' encoding to copy filtered resources.
[INFO] Copying 56 resources
[INFO] 
[INFO] --- maven-compiler-plugin:3.8.1:testCompile (default-testCompile) @ catalog-ui-search ---
[INFO] Changes detected - recompiling the module!
[INFO] Compiling 62 source files to /opt/projects/ddf-ui-real/ui-backend/catalog-ui-search/target/test-classes
[INFO] /opt/projects/ddf-ui-real/ui-backend/catalog-ui-search/src/test/java/org/codice/ddf/catalog/ui/metacard/MetacardApplicationTest.java:[-1,-1] Some input files use or override a deprecated API.
[INFO] /opt/projects/ddf-ui-real/ui-backend/catalog-ui-search/src/test/java/org/codice/ddf/catalog/ui/metacard/MetacardApplicationTest.java:[-1,-1] Recompile with -Xlint:deprecation for details.
[INFO] /opt/projects/ddf-ui-real/ui-backend/catalog-ui-search/src/test/java/org/codice/ddf/catalog/ui/validator/query/unsupportedattributes/UnsupportedAttributeQueryValidatorTest.java:[-1,-1] Some input files use unchecked or unsafe operations.
[INFO] /opt/projects/ddf-ui-real/ui-backend/catalog-ui-search/src/test/java/org/codice/ddf/catalog/ui/validator/query/unsupportedattributes/UnsupportedAttributeQueryValidatorTest.java:[-1,-1] Recompile with -Xlint:unchecked for details.
[INFO] 
[INFO] --- gmavenplus-plugin:1.5:testCompile (default) @ catalog-ui-search ---
[INFO] No sources specified for compilation.  Skipping.
[INFO] 
[INFO] --- maven-surefire-plugin:3.0.0-M3:test (default-test) @ catalog-ui-search ---
[WARNING] useSystemClassloader setting has no effect when not forking
[INFO] Running org.codice.ddf.catalog.ui.metacard.BuildApplicationTest
[INFO] Tests run: 3, Failures: 0, Errors: 0, Skipped: 0, Time elapsed: 0.535 s - in org.codice.ddf.catalog.ui.metacard.BuildApplicationTest
[INFO] Running org.codice.ddf.catalog.ui.metacard.workspace.WorkspaceMetacardImplTest
[INFO] Tests run: 10, Failures: 0, Errors: 0, Skipped: 0, Time elapsed: 0.014 s - in org.codice.ddf.catalog.ui.metacard.workspace.WorkspaceMetacardImplTest
[INFO] Running org.codice.ddf.catalog.ui.metacard.workspace.transformer.impl.WorkspaceTransformerImplTest
[INFO] Tests run: 8, Failures: 0, Errors: 0, Skipped: 0, Time elapsed: 0.147 s - in org.codice.ddf.catalog.ui.metacard.workspace.transformer.impl.WorkspaceTransformerImplTest
[INFO] Running org.codice.ddf.catalog.ui.metacard.workspace.transformer.impl.EmbeddedListMetacardsHandlerTest
[INFO] Tests run: 2, Failures: 0, Errors: 0, Skipped: 0, Time elapsed: 0.09 s - in org.codice.ddf.catalog.ui.metacard.workspace.transformer.impl.EmbeddedListMetacardsHandlerTest
[INFO] Running org.codice.ddf.catalog.ui.metacard.workspace.transformer.impl.AssociatedQueryMetacardsHandlerTest
[INFO] Tests run: 7, Failures: 0, Errors: 0, Skipped: 0, Time elapsed: 0.093 s - in org.codice.ddf.catalog.ui.metacard.workspace.transformer.impl.AssociatedQueryMetacardsHandlerTest
[INFO] Running org.codice.ddf.catalog.ui.metacard.MetacardApplicationTest
[INFO] Tests run: 3, Failures: 0, Errors: 0, Skipped: 0, Time elapsed: 0.077 s - in org.codice.ddf.catalog.ui.metacard.MetacardApplicationTest
[INFO] Running org.codice.ddf.catalog.ui.metacard.QueryMetacardApplicationTest
[INFO] Tests run: 6, Failures: 0, Errors: 0, Skipped: 0, Time elapsed: 1.645 s - in org.codice.ddf.catalog.ui.metacard.QueryMetacardApplicationTest
[INFO] Running org.codice.ddf.catalog.ui.metacard.query.data.model.QueryBasicTest
[INFO] Tests run: 1, Failures: 0, Errors: 0, Skipped: 0, Time elapsed: 0.005 s - in org.codice.ddf.catalog.ui.metacard.query.data.model.QueryBasicTest
[INFO] Running org.codice.ddf.catalog.ui.alias.AttributeAliasesImplTest
[INFO] Tests run: 6, Failures: 0, Errors: 0, Skipped: 0, Time elapsed: 0.003 s - in org.codice.ddf.catalog.ui.alias.AttributeAliasesImplTest
[INFO] Running org.codice.ddf.catalog.ui.forms.SearchFormsLoaderTest
[INFO] Tests run: 6, Failures: 0, Errors: 0, Skipped: 0, Time elapsed: 0.391 s - in org.codice.ddf.catalog.ui.forms.SearchFormsLoaderTest
[INFO] Running org.codice.ddf.catalog.ui.forms.TemplateTransformerTest
[INFO] Tests run: 3, Failures: 0, Errors: 0, Skipped: 0, Time elapsed: 0.001 s - in org.codice.ddf.catalog.ui.forms.TemplateTransformerTest
[INFO] Running org.codice.ddf.catalog.ui.forms.api.FlatFilterBuilderTest
[INFO] Tests run: 44, Failures: 0, Errors: 0, Skipped: 0, Time elapsed: 0.021 s - in org.codice.ddf.catalog.ui.forms.api.FlatFilterBuilderTest
[INFO] Running org.codice.ddf.catalog.ui.forms.commands.SearchFormsLoaderCommandTest
[INFO] Tests run: 2, Failures: 0, Errors: 0, Skipped: 0, Time elapsed: 0.013 s - in org.codice.ddf.catalog.ui.forms.commands.SearchFormsLoaderCommandTest
[INFO] Running org.codice.ddf.catalog.ui.forms.commands.SearchFormsManageCommandTest
[INFO] Tests run: 4, Failures: 0, Errors: 0, Skipped: 0, Time elapsed: 0.016 s - in org.codice.ddf.catalog.ui.forms.commands.SearchFormsManageCommandTest
[INFO] Running org.codice.ddf.catalog.ui.forms.filter.TransformVisitorXmlTest
[INFO] Tests run: 4, Failures: 0, Errors: 0, Skipped: 0, Time elapsed: 0.026 s - in org.codice.ddf.catalog.ui.forms.filter.TransformVisitorXmlTest
[INFO] Running org.codice.ddf.catalog.ui.forms.filter.VisitableXmlElementImplTest
[INFO] Tests run: 16, Failures: 0, Errors: 0, Skipped: 0, Time elapsed: 0.044 s - in org.codice.ddf.catalog.ui.forms.filter.VisitableXmlElementImplTest
[INFO] Running org.codice.ddf.catalog.ui.forms.filter.TransformVisitorJsonTest
[INFO] Tests run: 9, Failures: 0, Errors: 0, Skipped: 0, Time elapsed: 0.113 s - in org.codice.ddf.catalog.ui.forms.filter.TransformVisitorJsonTest
[INFO] Running org.codice.ddf.catalog.ui.forms.filter.VisitableXmlElementImplTypesTest
[INFO] Tests run: 10, Failures: 0, Errors: 0, Skipped: 0, Time elapsed: 0.003 s - in org.codice.ddf.catalog.ui.forms.filter.VisitableXmlElementImplTypesTest
[INFO] Running org.codice.ddf.catalog.ui.forms.builder.XmlModelBuilderTest
[INFO] Tests run: 7, Failures: 0, Errors: 0, Skipped: 0, Time elapsed: 0.241 s - in org.codice.ddf.catalog.ui.forms.builder.XmlModelBuilderTest
[INFO] Running org.codice.ddf.catalog.ui.forms.builder.AttributeValueNormalizerTest
[INFO] Tests run: 27, Failures: 0, Errors: 0, Skipped: 0, Time elapsed: 0.01 s - in org.codice.ddf.catalog.ui.forms.builder.AttributeValueNormalizerTest
[INFO] Running org.codice.ddf.catalog.ui.forms.builder.JsonModelBuilderTest
[INFO] Tests run: 6, Failures: 0, Errors: 0, Skipped: 0, Time elapsed: 0.001 s - in org.codice.ddf.catalog.ui.forms.builder.JsonModelBuilderTest
[INFO] Running org.codice.ddf.catalog.ui.validator.query.unsupportedattributes.UnsupportedAttributeQueryValidatorTest
[INFO] Tests run: 12, Failures: 0, Errors: 0, Skipped: 0, Time elapsed: 0.04 s - in org.codice.ddf.catalog.ui.validator.query.unsupportedattributes.UnsupportedAttributeQueryValidatorTest
[INFO] Running org.codice.ddf.catalog.ui.validator.query.unsupportedattributes.AttributeExtractorTest
[INFO] Tests run: 6, Failures: 0, Errors: 0, Skipped: 0, Time elapsed: 0.586 s - in org.codice.ddf.catalog.ui.validator.query.unsupportedattributes.AttributeExtractorTest
[INFO] Running org.codice.ddf.catalog.ui.util.PropertyCoordinatorTest
[INFO] Tests run: 1, Failures: 0, Errors: 0, Skipped: 0, Time elapsed: 0.009 s - in org.codice.ddf.catalog.ui.util.PropertyCoordinatorTest
[INFO] Running org.codice.ddf.catalog.ui.util.EndpointUtilTest
[INFO] Tests run: 15, Failures: 0, Errors: 0, Skipped: 0, Time elapsed: 0.212 s - in org.codice.ddf.catalog.ui.util.EndpointUtilTest
[INFO] Running org.codice.ddf.catalog.ui.util.CqlQueriesImplTest
[INFO] Tests run: 2, Failures: 0, Errors: 0, Skipped: 0, Time elapsed: 0.047 s - in org.codice.ddf.catalog.ui.util.CqlQueriesImplTest
[INFO] Running org.codice.ddf.catalog.ui.config.ConfigurationApplicationTest
[INFO] Tests run: 9, Failures: 0, Errors: 0, Skipped: 0, Time elapsed: 0.064 s - in org.codice.ddf.catalog.ui.config.ConfigurationApplicationTest
[INFO] Running org.codice.ddf.catalog.ui.security.accesscontrol.AccessControlPreIngestPluginTest
[INFO] Tests run: 4, Failures: 0, Errors: 0, Skipped: 0, Time elapsed: 0.034 s - in org.codice.ddf.catalog.ui.security.accesscontrol.AccessControlPreIngestPluginTest
[INFO] Running org.codice.ddf.catalog.ui.security.accesscontrol.AccessControlAccessPluginTest
[INFO] Tests run: 23, Failures: 0, Errors: 0, Skipped: 0, Time elapsed: 0.013 s - in org.codice.ddf.catalog.ui.security.accesscontrol.AccessControlAccessPluginTest
[INFO] Running org.codice.ddf.catalog.ui.security.accesscontrol.AccessControlTagsTest
[INFO] Tests run: 15, Failures: 0, Errors: 0, Skipped: 0, Time elapsed: 0.01 s - in org.codice.ddf.catalog.ui.security.accesscontrol.AccessControlTagsTest
[INFO] Running org.codice.ddf.catalog.ui.security.accesscontrol.TagAggregationVisitorTest
[INFO] Tests run: 51, Failures: 0, Errors: 0, Skipped: 0, Time elapsed: 0.012 s - in org.codice.ddf.catalog.ui.security.accesscontrol.TagAggregationVisitorTest
[INFO] Running org.codice.ddf.catalog.ui.security.accesscontrol.AccessControlUtilTest
[INFO] Tests run: 6, Failures: 0, Errors: 0, Skipped: 0, Time elapsed: 0.002 s - in org.codice.ddf.catalog.ui.security.accesscontrol.AccessControlUtilTest
[INFO] Running org.codice.ddf.catalog.ui.security.accesscontrol.AccessControlPreQueryPluginTest
[INFO] Tests run: 11, Failures: 0, Errors: 0, Skipped: 0, Time elapsed: 0.015 s - in org.codice.ddf.catalog.ui.security.accesscontrol.AccessControlPreQueryPluginTest
[INFO] Running org.codice.ddf.catalog.ui.security.accesscontrol.AccessControlPolicyPluginTest
[INFO] Tests run: 3, Failures: 0, Errors: 0, Skipped: 0, Time elapsed: 0.018 s - in org.codice.ddf.catalog.ui.security.accesscontrol.AccessControlPolicyPluginTest
[INFO] Running org.codice.ddf.catalog.ui.security.accesscontrol.AccessControlPolicyExtensionTest
[INFO] Tests run: 15, Failures: 0, Errors: 0, Skipped: 0, Time elapsed: 0.02 s - in org.codice.ddf.catalog.ui.security.accesscontrol.AccessControlPolicyExtensionTest
[INFO] Running org.codice.ddf.catalog.ui.security.accesscontrol.TagBaseVisitorTest
[INFO] Tests run: 42, Failures: 0, Errors: 0, Skipped: 0, Time elapsed: 0.016 s - in org.codice.ddf.catalog.ui.security.accesscontrol.TagBaseVisitorTest
[INFO] Running org.codice.ddf.catalog.ui.security.accesscontrol.AclTestSupportTest
[INFO] Tests run: 1, Failures: 0, Errors: 0, Skipped: 0, Time elapsed: 0.001 s - in org.codice.ddf.catalog.ui.security.accesscontrol.AclTestSupportTest
[INFO] Running org.codice.ddf.catalog.ui.transformer.TransformerDescriptorsTest
[INFO] Tests run: 11, Failures: 0, Errors: 0, Skipped: 0, Time elapsed: 0.005 s - in org.codice.ddf.catalog.ui.transformer.TransformerDescriptorsTest
[INFO] Running org.codice.ddf.catalog.ui.query.validate.CqlValidationHandlerTest
[INFO] Tests run: 3, Failures: 0, Errors: 0, Skipped: 0, Time elapsed: 0.059 s - in org.codice.ddf.catalog.ui.query.validate.CqlValidationHandlerTest
[INFO] Running org.codice.ddf.catalog.ui.query.monitor.impl.ListMetacardFormatterTest
[INFO] Tests run: 3, Failures: 0, Errors: 0, Skipped: 0, Time elapsed: 0.048 s - in org.codice.ddf.catalog.ui.query.monitor.impl.ListMetacardFormatterTest
[INFO] Running org.codice.ddf.catalog.ui.query.monitor.impl.AttributeMetacardFormatterTest
[INFO] Tests run: 3, Failures: 0, Errors: 0, Skipped: 0, Time elapsed: 0.002 s - in org.codice.ddf.catalog.ui.query.monitor.impl.AttributeMetacardFormatterTest
[INFO] Running org.codice.ddf.catalog.ui.query.monitor.impl.QueryUpdateSubscriberListTest
[INFO] Tests run: 3, Failures: 0, Errors: 0, Skipped: 0, Time elapsed: 0.006 s - in org.codice.ddf.catalog.ui.query.monitor.impl.QueryUpdateSubscriberListTest
[INFO] Running org.codice.ddf.catalog.ui.query.monitor.impl.SecurityServiceImplTest
[WARNING] Tests run: 1, Failures: 0, Errors: 0, Skipped: 1, Time elapsed: 0.002 s - in org.codice.ddf.catalog.ui.query.monitor.impl.SecurityServiceImplTest
[INFO] Running org.codice.ddf.catalog.ui.query.monitor.impl.WorkspaceQueryBuilderTest
[INFO] Tests run: 1, Failures: 0, Errors: 0, Skipped: 0, Time elapsed: 0.006 s - in org.codice.ddf.catalog.ui.query.monitor.impl.WorkspaceQueryBuilderTest
[INFO] Running org.codice.ddf.catalog.ui.query.monitor.impl.SubscriptionsPersistentStoreImplTest
[INFO] Tests run: 8, Failures: 0, Errors: 0, Skipped: 0, Time elapsed: 0.008 s - in org.codice.ddf.catalog.ui.query.monitor.impl.SubscriptionsPersistentStoreImplTest
[INFO] Running org.codice.ddf.catalog.ui.query.monitor.impl.WorkspaceServiceImplTest
[INFO] Tests run: 10, Failures: 0, Errors: 0, Skipped: 0, Time elapsed: 0.063 s - in org.codice.ddf.catalog.ui.query.monitor.impl.WorkspaceServiceImplTest
[INFO] Running org.codice.ddf.catalog.ui.query.monitor.impl.WorkspaceQueryServiceTest
[INFO] Tests run: 1, Failures: 0, Errors: 0, Skipped: 0, Time elapsed: 0.204 s - in org.codice.ddf.catalog.ui.query.monitor.impl.WorkspaceQueryServiceTest
[INFO] Running org.codice.ddf.catalog.ui.query.monitor.impl.HitCountFormatterTest
[INFO] Tests run: 1, Failures: 0, Errors: 0, Skipped: 0, Time elapsed: 0.001 s - in org.codice.ddf.catalog.ui.query.monitor.impl.HitCountFormatterTest
[INFO] Running org.codice.ddf.catalog.ui.query.suggestion.MgrsCoordinateProcessorTest
[INFO] Tests run: 51, Failures: 0, Errors: 0, Skipped: 0, Time elapsed: 0.025 s - in org.codice.ddf.catalog.ui.query.suggestion.MgrsCoordinateProcessorTest
[INFO] Running org.codice.ddf.catalog.ui.query.suggestion.UtmUpsCoordinateProcessorTest
[INFO] Tests run: 30, Failures: 0, Errors: 0, Skipped: 0, Time elapsed: 0.014 s - in org.codice.ddf.catalog.ui.query.suggestion.UtmUpsCoordinateProcessorTest
[INFO] Running org.codice.ddf.catalog.ui.query.suggestion.DmsCoordinateProcessorTest
[INFO] Tests run: 26, Failures: 0, Errors: 0, Skipped: 0, Time elapsed: 0.007 s - in org.codice.ddf.catalog.ui.query.suggestion.DmsCoordinateProcessorTest
[INFO] Running org.codice.ddf.catalog.ui.query.suggestion.LatLonCoordinateProcessorTest
[INFO] Tests run: 36, Failures: 0, Errors: 0, Skipped: 0, Time elapsed: 0.006 s - in org.codice.ddf.catalog.ui.query.suggestion.LatLonCoordinateProcessorTest
[INFO] Running org.codice.ddf.catalog.ui.query.cql.CqlRequestImplTest
[INFO] Tests run: 13, Failures: 0, Errors: 0, Skipped: 0, Time elapsed: 0.005 s - in org.codice.ddf.catalog.ui.query.cql.CqlRequestImplTest
[INFO] Running org.codice.ddf.catalog.ui.query.cql.CqlResultImplTest
[INFO] Tests run: 3, Failures: 0, Errors: 0, Skipped: 0, Time elapsed: 0.069 s - in org.codice.ddf.catalog.ui.query.cql.CqlResultImplTest
[INFO] Running org.codice.ddf.catalog.ui.query.cql.SourceWarningsFilterManagerTest
[INFO] Tests run: 7, Failures: 0, Errors: 0, Skipped: 0, Time elapsed: 0.006 s - in org.codice.ddf.catalog.ui.query.cql.SourceWarningsFilterManagerTest
[INFO] Running org.codice.ddf.catalog.ui.query.delegate.SearchTermTest
[INFO] Tests run: 4, Failures: 0, Errors: 0, Skipped: 0, Time elapsed: 5.003 s - in org.codice.ddf.catalog.ui.query.delegate.SearchTermTest
[INFO] Running org.codice.ddf.catalog.ui.query.handlers.CqlTransformHandlerTest
[INFO] Tests run: 2, Failures: 0, Errors: 0, Skipped: 0, Time elapsed: 0.128 s - in org.codice.ddf.catalog.ui.query.handlers.CqlTransformHandlerTest
[INFO] Running org.codice.ddf.catalog.ui.query.geofeature.GazetteerFeatureServiceTest
[INFO] Tests run: 3, Failures: 0, Errors: 0, Skipped: 0, Time elapsed: 0.035 s - in org.codice.ddf.catalog.ui.query.geofeature.GazetteerFeatureServiceTest
[INFO] Running org.codice.ddf.catalog.ui.ws.JsonRpcTest
[INFO] Tests run: 5, Failures: 0, Errors: 0, Skipped: 0, Time elapsed: 0.016 s - in org.codice.ddf.catalog.ui.ws.JsonRpcTest
[INFO] 
[INFO] Results:
[INFO] 
[WARNING] Tests run: 625, Failures: 0, Errors: 0, Skipped: 1
[INFO] 
[INFO] 
[INFO] --- maven-bundle-plugin:4.2.1:bundle (default-bundle) @ catalog-ui-search ---
[WARNING] Bundle org.codice.ddf.search:catalog-ui-search:bundle:4.2.1 : Split package, multiple jars provide the same package:org/codice/ddf/catalog/ui
Use Import/Export Package directive -split-package:=(merge-first|merge-last|error|first) to get rid of this warning
Package found in   [Jar:., Jar:catalog-ui-search-api]
Class path         [Jar:., Jar:jakarta.xml.bind-api, Jar:jakarta.activation-api, Jar:jaxb-runtime, Jar:txw2, Jar:istack-commons-runtime, Jar:stax-ex, Jar:FastInfoset, Jar:filter-v_2_0, Jar:ows-v_1_1_0, Jar:xlink-v_1_0, Jar:ows-v_1_1_0-schema, Jar:jaxb2-basics-runtime, Jar:branding-api, Jar:tlmatcher, Jar:javax.ws.rs-api, Jar:gson-support, Jar:gson, Jar:commons-collections4, Jar:org.osgi.core, Jar:catalog-core-api, Jar:gt-opengis, Jar:platform-api, Jar:catalog-core-api-impl, Jar:commons-lang, Jar:log-sanitizer, Jar:javax.servlet-api, Jar:proxy-camel-servlet, Jar:camel-servlet, Jar:camel-support, Jar:camel-api, Jar:camel-management-api, Jar:camel-util, Jar:common-system, Jar:proxy-camel-route, Jar:camel-http-common, Jar:camel-http-base, Jar:camel-core-catalog, Jar:camel-tooling-model, Jar:camel-util-json, Jar:camel-cloud, Jar:camel-core-engine, Jar:camel-base, Jar:camel-attachments, Jar:javax.activation, Jar:camel-http, Jar:camel-file, Jar:camel-cluster, Jar:commons-lang3, Jar:commons-collections, Jar:platform-util, Jar:slf4j-api, Jar:org.osgi.compendium, Jar:bcprov-jdk15on, Jar:failsafe, Jar:commons-io, Jar:spring-core, Jar:spring-jcl, Jar:httpclient, Jar:commons-logging, Jar:commons-codec, Jar:httpcore, Jar:spark-core, Jar:jetty-server, Jar:jetty-http, Jar:jetty-util, Jar:jetty-io, Jar:jetty-webapp, Jar:jetty-xml, Jar:jetty-servlet, Jar:jetty-security, Jar:websocket-server, Jar:websocket-common, Jar:websocket-client, Jar:jetty-client, Jar:websocket-servlet, Jar:websocket-api, Jar:jsr305, Jar:gt-opengis, Jar:commons-pool, Jar:systems-common-java8, Jar:jai_core, Jar:gt-cql, Jar:gt-main, Jar:jts-core, Jar:jdom2, Jar:geotools-suite, Jar:gt-shapefile, Jar:gt-data, Jar:gt-api, Jar:gt-jts-wrapper, Jar:gt-xsd-core, Jar:picocontainer, Jar:commons-jxpath, Jar:org.eclipse.emf.common, Jar:org.eclipse.emf.ecore, Jar:org.eclipse.xsd, Jar:org.eclipse.emf.ecore.xmi, Jar:gt-xsd-gml3, Jar:gt-coverage, Jar:jai_imageio, Jar:imageio-ext-tiff, Jar:imageio-ext-utilities, Jar:imageio-ext-geocore, Jar:imageio-ext-streams, Jar:jai_codec, Jar:jt-zonalstats, Jar:jt-utils, Jar:jt-affine, Jar:jt-algebra, Jar:jt-bandmerge, Jar:jt-bandselect, Jar:jt-bandcombine, Jar:jt-border, Jar:jt-buffer, Jar:jt-crop, Jar:jt-iterators, Jar:jt-lookup, Jar:jt-mosaic, Jar:jt-nullop, Jar:jt-rescale, Jar:jt-scale, Jar:jt-scale2, Jar:jt-stats, Jar:jt-translate, Jar:jt-utilities, Jar:jt-warp, Jar:jt-zonal, Jar:jt-binarize, Jar:jt-format, Jar:jt-colorconvert, Jar:jt-errordiffusion, Jar:jt-orderdither, Jar:jt-colorindexer, Jar:jt-imagefunction, Jar:jt-piecewise, Jar:jt-classifier, Jar:jt-rlookup, Jar:jt-vectorbin, Jar:jt-shadedrelief, Jar:gt-xsd-gml2, Jar:gt-xsd-filter, Jar:gt-xsd-fes, Jar:net.opengis.fes, Jar:org.w3.xlink, Jar:net.opengis.ows, Jar:gt-xsd-ows, Jar:gt-wfs-ng, Jar:gt-complex, Jar:gt-app-schema-resolver, Jar:gt-xml, Jar:xml-commons-resolver, Jar:gt-xsd-wfs, Jar:net.opengis.wfs, Jar:xpp3_min, Jar:commons-httpclient, Jar:gt-epsg-hsql, Jar:hsqldb, Jar:gt-epsg-extension, Jar:gt-referencing, Jar:ejml-ddense, Jar:ejml-core, Jar:jgridshift, Jar:GeographicLib-Java, Jar:gt-metadata, Jar:gt-geojson, Jar:json-simple, Jar:si-quantity, Jar:uom-lib-common, Jar:uom-se, Jar:systems-quantity, Jar:si-units-java8, Jar:geojson-metacard-transformer, Jar:geo-formatter, Jar:abdera-extensions-geo, Jar:abdera-client, Jar:abdera-core, Jar:abdera-i18n, Jar:geronimo-activation_1.1_spec, Jar:geronimo-stax-api_1.0_spec, Jar:abdera-parser, Jar:axiom-api, Jar:geronimo-javamail_1.4_spec, Jar:apache-mime4j-core, Jar:axiom-impl, Jar:wstx-asl, Jar:jaxen, Jar:catalog-transformer-propertyjson-metacard, Jar:action-core-api, Jar:spatial4j, Jar:versioning-common, Jar:versioning-api, Jar:quartz, Jar:mchange-commons-java, Jar:HikariCP-java7, Jar:quartz-jobs, Jar:c3p0, Jar:persistence-core-api, Jar:security-core-api, Jar:log4j-api, Jar:shiro-core, Jar:shiro-lang, Jar:shiro-cache, Jar:shiro-crypto-hash, Jar:shiro-crypto-core, Jar:shiro-crypto-cipher, Jar:shiro-config-core, Jar:shiro-config-ogdl, Jar:shiro-event, Jar:joda-time, Jar:security-handler-impl, Jar:security-core-impl, Jar:security-expansion-api, Jar:cxf-rt-frontend-jaxws, Jar:xml-resolver, Jar:cxf-rt-bindings-xml, Jar:cxf-rt-frontend-simple, Jar:cxf-rt-ws-addr, Jar:cxf-rt-ws-policy, Jar:cxf-rt-bindings-soap, Jar:cxf-rt-wsdl, Jar:wsdl4j, Jar:cxf-rt-databinding-jaxb, Jar:commons-beanutils, Jar:org.apache.karaf.jaas.boot, Jar:security-handler-api, Jar:security-filter-api, Jar:pac4j-core, Jar:pac4j-oidc, Jar:jackson-databind, Jar:jackson-annotations, Jar:jackson-core, Jar:javax.mail, Jar:activation, Jar:pac4j-oauth, Jar:scribejava-apis, Jar:scribejava-core, Jar:platform-parser-api, Jar:unit-api, Jar:measure-api, Jar:slf4j-ext, Jar:platform-email-api, Jar:jakarta.mail-api, Jar:catalog-core-commons, Jar:xalan, Jar:xercesImpl, Jar:xml-apis, Jar:serializer, Jar:handlebars, Jar:rhino, Jar:antlr4-runtime, Jar:antlr4-annotations, Jar:catalog-ui-enumeration, Jar:deprecatable-enumeration-api, Jar:spatial-geocoding-api, Jar:spatial-geocoding-geocoder, Jar:json-smart, Jar:accessors-smart, Jar:asm, Jar:asm, Jar:session-management-api, Jar:action-core-impl, Jar:util-uuidgenerator-api, Jar:catalog-core-attachment, Jar:catalog-ui-search-api, Jar:security-servlet-logout-api, Jar:platform-configuration-service, Jar:mime-core-api, Jar:tika-core, Jar:platform-usng4j-api, Jar:usng4j-api, Jar:resource-bundle-locator, Jar:catalog-core-commands, Jar:org.apache.karaf.shell.console, Jar:jline, Jar:jansi, Jar:org.apache.karaf.jaas.modules, Jar:org.apache.karaf.jaas.config, Jar:org.apache.karaf.shell.core, Jar:sshd-core, Jar:joda-convert, Jar:catalog-core-standardframework, Jar:catalog-core-actions, Jar:catalog-core-metricsplugin, Jar:ddf-pubsub, Jar:notifications, Jar:activities, Jar:hazelcast, Jar:security-encryption-api, Jar:commons-compress, Jar:catalog-transformer-zip, Jar:wss4j-ws-security-common, Jar:opensaml-saml-impl, Jar:opensaml-saml-api, Jar:opensaml-xacml-impl, Jar:opensaml-xacml-api, Jar:opensaml-xacml-saml-impl, Jar:opensaml-xacml-saml-api, Jar:jasypt, Jar:geronimo-javamail_1.4_mail, Jar:ant, Jar:ant-launcher, Jar:owasp-java-html-sanitizer, Jar:catalog-rest-api, Jar:cxf-rt-frontend-jaxrs, Jar:cxf-core, Jar:woodstox-core, Jar:stax2-api, Jar:xmlschema-core, Jar:jakarta.ws.rs-api, Jar:jakarta.annotation-api, Jar:cxf-rt-transports-http, Jar:cxf-rt-security, Jar:guava, Jar:failureaccess, Jar:listenablefuture, Jar:checker-qual, Jar:error_prone_annotations, Jar:j2objc-annotations, Jar:catalog-ui-splitter, Jar:platform-configuration, Jar:org.apache.felix.utils, Jar:cxf-rt-rs-security-sso-saml, Jar:cxf-rt-rs-security-xml, Jar:ehcache, Jar:cxf-rt-security-saml, Jar:neethi, Jar:woodstox-core-asl, Jar:stax-api, Jar:wss4j-ws-security-dom, Jar:validation-api, Jar:opensaml-core, Jar:metrics-core, Jar:java-support, Jar:opensaml-xmlsec-api, Jar:opensaml-security-api, Jar:opensaml-messaging-api, Jar:opensaml-soap-impl, Jar:opensaml-soap-api, Jar:opensaml-profile-api, Jar:opensaml-xmlsec-impl, Jar:xmlsec, Jar:cryptacular, Jar:opensaml-security-impl, Jar:oauth2-oidc-sdk, Jar:jcip-annotations, Jar:content-type, Jar:nimbus-jose-jwt, Jar:lang-tag, Jar:google-http-client, Jar:alerts, Jar:commons-math3, Jar:security-servlet-web-socket-api, Jar:asm, Jar:objenesis]
[WARNING] Bundle org.codice.ddf.search:catalog-ui-search:bundle:4.2.1 : Split package, multiple jars provide the same package:org/codice/ddf/catalog/ui/metacard/workspace
Use Import/Export Package directive -split-package:=(merge-first|merge-last|error|first) to get rid of this warning
Package found in   [Jar:., Jar:catalog-ui-search-api]
Class path         [Jar:., Jar:jakarta.xml.bind-api, Jar:jakarta.activation-api, Jar:jaxb-runtime, Jar:txw2, Jar:istack-commons-runtime, Jar:stax-ex, Jar:FastInfoset, Jar:filter-v_2_0, Jar:ows-v_1_1_0, Jar:xlink-v_1_0, Jar:ows-v_1_1_0-schema, Jar:jaxb2-basics-runtime, Jar:branding-api, Jar:tlmatcher, Jar:javax.ws.rs-api, Jar:gson-support, Jar:gson, Jar:commons-collections4, Jar:org.osgi.core, Jar:catalog-core-api, Jar:gt-opengis, Jar:platform-api, Jar:catalog-core-api-impl, Jar:commons-lang, Jar:log-sanitizer, Jar:javax.servlet-api, Jar:proxy-camel-servlet, Jar:camel-servlet, Jar:camel-support, Jar:camel-api, Jar:camel-management-api, Jar:camel-util, Jar:common-system, Jar:proxy-camel-route, Jar:camel-http-common, Jar:camel-http-base, Jar:camel-core-catalog, Jar:camel-tooling-model, Jar:camel-util-json, Jar:camel-cloud, Jar:camel-core-engine, Jar:camel-base, Jar:camel-attachments, Jar:javax.activation, Jar:camel-http, Jar:camel-file, Jar:camel-cluster, Jar:commons-lang3, Jar:commons-collections, Jar:platform-util, Jar:slf4j-api, Jar:org.osgi.compendium, Jar:bcprov-jdk15on, Jar:failsafe, Jar:commons-io, Jar:spring-core, Jar:spring-jcl, Jar:httpclient, Jar:commons-logging, Jar:commons-codec, Jar:httpcore, Jar:spark-core, Jar:jetty-server, Jar:jetty-http, Jar:jetty-util, Jar:jetty-io, Jar:jetty-webapp, Jar:jetty-xml, Jar:jetty-servlet, Jar:jetty-security, Jar:websocket-server, Jar:websocket-common, Jar:websocket-client, Jar:jetty-client, Jar:websocket-servlet, Jar:websocket-api, Jar:jsr305, Jar:gt-opengis, Jar:commons-pool, Jar:systems-common-java8, Jar:jai_core, Jar:gt-cql, Jar:gt-main, Jar:jts-core, Jar:jdom2, Jar:geotools-suite, Jar:gt-shapefile, Jar:gt-data, Jar:gt-api, Jar:gt-jts-wrapper, Jar:gt-xsd-core, Jar:picocontainer, Jar:commons-jxpath, Jar:org.eclipse.emf.common, Jar:org.eclipse.emf.ecore, Jar:org.eclipse.xsd, Jar:org.eclipse.emf.ecore.xmi, Jar:gt-xsd-gml3, Jar:gt-coverage, Jar:jai_imageio, Jar:imageio-ext-tiff, Jar:imageio-ext-utilities, Jar:imageio-ext-geocore, Jar:imageio-ext-streams, Jar:jai_codec, Jar:jt-zonalstats, Jar:jt-utils, Jar:jt-affine, Jar:jt-algebra, Jar:jt-bandmerge, Jar:jt-bandselect, Jar:jt-bandcombine, Jar:jt-border, Jar:jt-buffer, Jar:jt-crop, Jar:jt-iterators, Jar:jt-lookup, Jar:jt-mosaic, Jar:jt-nullop, Jar:jt-rescale, Jar:jt-scale, Jar:jt-scale2, Jar:jt-stats, Jar:jt-translate, Jar:jt-utilities, Jar:jt-warp, Jar:jt-zonal, Jar:jt-binarize, Jar:jt-format, Jar:jt-colorconvert, Jar:jt-errordiffusion, Jar:jt-orderdither, Jar:jt-colorindexer, Jar:jt-imagefunction, Jar:jt-piecewise, Jar:jt-classifier, Jar:jt-rlookup, Jar:jt-vectorbin, Jar:jt-shadedrelief, Jar:gt-xsd-gml2, Jar:gt-xsd-filter, Jar:gt-xsd-fes, Jar:net.opengis.fes, Jar:org.w3.xlink, Jar:net.opengis.ows, Jar:gt-xsd-ows, Jar:gt-wfs-ng, Jar:gt-complex, Jar:gt-app-schema-resolver, Jar:gt-xml, Jar:xml-commons-resolver, Jar:gt-xsd-wfs, Jar:net.opengis.wfs, Jar:xpp3_min, Jar:commons-httpclient, Jar:gt-epsg-hsql, Jar:hsqldb, Jar:gt-epsg-extension, Jar:gt-referencing, Jar:ejml-ddense, Jar:ejml-core, Jar:jgridshift, Jar:GeographicLib-Java, Jar:gt-metadata, Jar:gt-geojson, Jar:json-simple, Jar:si-quantity, Jar:uom-lib-common, Jar:uom-se, Jar:systems-quantity, Jar:si-units-java8, Jar:geojson-metacard-transformer, Jar:geo-formatter, Jar:abdera-extensions-geo, Jar:abdera-client, Jar:abdera-core, Jar:abdera-i18n, Jar:geronimo-activation_1.1_spec, Jar:geronimo-stax-api_1.0_spec, Jar:abdera-parser, Jar:axiom-api, Jar:geronimo-javamail_1.4_spec, Jar:apache-mime4j-core, Jar:axiom-impl, Jar:wstx-asl, Jar:jaxen, Jar:catalog-transformer-propertyjson-metacard, Jar:action-core-api, Jar:spatial4j, Jar:versioning-common, Jar:versioning-api, Jar:quartz, Jar:mchange-commons-java, Jar:HikariCP-java7, Jar:quartz-jobs, Jar:c3p0, Jar:persistence-core-api, Jar:security-core-api, Jar:log4j-api, Jar:shiro-core, Jar:shiro-lang, Jar:shiro-cache, Jar:shiro-crypto-hash, Jar:shiro-crypto-core, Jar:shiro-crypto-cipher, Jar:shiro-config-core, Jar:shiro-config-ogdl, Jar:shiro-event, Jar:joda-time, Jar:security-handler-impl, Jar:security-core-impl, Jar:security-expansion-api, Jar:cxf-rt-frontend-jaxws, Jar:xml-resolver, Jar:cxf-rt-bindings-xml, Jar:cxf-rt-frontend-simple, Jar:cxf-rt-ws-addr, Jar:cxf-rt-ws-policy, Jar:cxf-rt-bindings-soap, Jar:cxf-rt-wsdl, Jar:wsdl4j, Jar:cxf-rt-databinding-jaxb, Jar:commons-beanutils, Jar:org.apache.karaf.jaas.boot, Jar:security-handler-api, Jar:security-filter-api, Jar:pac4j-core, Jar:pac4j-oidc, Jar:jackson-databind, Jar:jackson-annotations, Jar:jackson-core, Jar:javax.mail, Jar:activation, Jar:pac4j-oauth, Jar:scribejava-apis, Jar:scribejava-core, Jar:platform-parser-api, Jar:unit-api, Jar:measure-api, Jar:slf4j-ext, Jar:platform-email-api, Jar:jakarta.mail-api, Jar:catalog-core-commons, Jar:xalan, Jar:xercesImpl, Jar:xml-apis, Jar:serializer, Jar:handlebars, Jar:rhino, Jar:antlr4-runtime, Jar:antlr4-annotations, Jar:catalog-ui-enumeration, Jar:deprecatable-enumeration-api, Jar:spatial-geocoding-api, Jar:spatial-geocoding-geocoder, Jar:json-smart, Jar:accessors-smart, Jar:asm, Jar:asm, Jar:session-management-api, Jar:action-core-impl, Jar:util-uuidgenerator-api, Jar:catalog-core-attachment, Jar:catalog-ui-search-api, Jar:security-servlet-logout-api, Jar:platform-configuration-service, Jar:mime-core-api, Jar:tika-core, Jar:platform-usng4j-api, Jar:usng4j-api, Jar:resource-bundle-locator, Jar:catalog-core-commands, Jar:org.apache.karaf.shell.console, Jar:jline, Jar:jansi, Jar:org.apache.karaf.jaas.modules, Jar:org.apache.karaf.jaas.config, Jar:org.apache.karaf.shell.core, Jar:sshd-core, Jar:joda-convert, Jar:catalog-core-standardframework, Jar:catalog-core-actions, Jar:catalog-core-metricsplugin, Jar:ddf-pubsub, Jar:notifications, Jar:activities, Jar:hazelcast, Jar:security-encryption-api, Jar:commons-compress, Jar:catalog-transformer-zip, Jar:wss4j-ws-security-common, Jar:opensaml-saml-impl, Jar:opensaml-saml-api, Jar:opensaml-xacml-impl, Jar:opensaml-xacml-api, Jar:opensaml-xacml-saml-impl, Jar:opensaml-xacml-saml-api, Jar:jasypt, Jar:geronimo-javamail_1.4_mail, Jar:ant, Jar:ant-launcher, Jar:owasp-java-html-sanitizer, Jar:catalog-rest-api, Jar:cxf-rt-frontend-jaxrs, Jar:cxf-core, Jar:woodstox-core, Jar:stax2-api, Jar:xmlschema-core, Jar:jakarta.ws.rs-api, Jar:jakarta.annotation-api, Jar:cxf-rt-transports-http, Jar:cxf-rt-security, Jar:guava, Jar:failureaccess, Jar:listenablefuture, Jar:checker-qual, Jar:error_prone_annotations, Jar:j2objc-annotations, Jar:catalog-ui-splitter, Jar:platform-configuration, Jar:org.apache.felix.utils, Jar:cxf-rt-rs-security-sso-saml, Jar:cxf-rt-rs-security-xml, Jar:ehcache, Jar:cxf-rt-security-saml, Jar:neethi, Jar:woodstox-core-asl, Jar:stax-api, Jar:wss4j-ws-security-dom, Jar:validation-api, Jar:opensaml-core, Jar:metrics-core, Jar:java-support, Jar:opensaml-xmlsec-api, Jar:opensaml-security-api, Jar:opensaml-messaging-api, Jar:opensaml-soap-impl, Jar:opensaml-soap-api, Jar:opensaml-profile-api, Jar:opensaml-xmlsec-impl, Jar:xmlsec, Jar:cryptacular, Jar:opensaml-security-impl, Jar:oauth2-oidc-sdk, Jar:jcip-annotations, Jar:content-type, Jar:nimbus-jose-jwt, Jar:lang-tag, Jar:google-http-client, Jar:alerts, Jar:commons-math3, Jar:security-servlet-web-socket-api, Jar:asm, Jar:objenesis]
[WARNING] Bundle org.codice.ddf.search:catalog-ui-search:bundle:4.2.1 : Split package, multiple jars provide the same package:ddf/catalog/data/impl
Use Import/Export Package directive -split-package:=(merge-first|merge-last|error|first) to get rid of this warning
Package found in   [Jar:., Jar:catalog-core-api-impl, Jar:ddf-pubsub]
Class path         [Jar:., Jar:jakarta.xml.bind-api, Jar:jakarta.activation-api, Jar:jaxb-runtime, Jar:txw2, Jar:istack-commons-runtime, Jar:stax-ex, Jar:FastInfoset, Jar:filter-v_2_0, Jar:ows-v_1_1_0, Jar:xlink-v_1_0, Jar:ows-v_1_1_0-schema, Jar:jaxb2-basics-runtime, Jar:branding-api, Jar:tlmatcher, Jar:javax.ws.rs-api, Jar:gson-support, Jar:gson, Jar:commons-collections4, Jar:org.osgi.core, Jar:catalog-core-api, Jar:gt-opengis, Jar:platform-api, Jar:catalog-core-api-impl, Jar:commons-lang, Jar:log-sanitizer, Jar:javax.servlet-api, Jar:proxy-camel-servlet, Jar:camel-servlet, Jar:camel-support, Jar:camel-api, Jar:camel-management-api, Jar:camel-util, Jar:common-system, Jar:proxy-camel-route, Jar:camel-http-common, Jar:camel-http-base, Jar:camel-core-catalog, Jar:camel-tooling-model, Jar:camel-util-json, Jar:camel-cloud, Jar:camel-core-engine, Jar:camel-base, Jar:camel-attachments, Jar:javax.activation, Jar:camel-http, Jar:camel-file, Jar:camel-cluster, Jar:commons-lang3, Jar:commons-collections, Jar:platform-util, Jar:slf4j-api, Jar:org.osgi.compendium, Jar:bcprov-jdk15on, Jar:failsafe, Jar:commons-io, Jar:spring-core, Jar:spring-jcl, Jar:httpclient, Jar:commons-logging, Jar:commons-codec, Jar:httpcore, Jar:spark-core, Jar:jetty-server, Jar:jetty-http, Jar:jetty-util, Jar:jetty-io, Jar:jetty-webapp, Jar:jetty-xml, Jar:jetty-servlet, Jar:jetty-security, Jar:websocket-server, Jar:websocket-common, Jar:websocket-client, Jar:jetty-client, Jar:websocket-servlet, Jar:websocket-api, Jar:jsr305, Jar:gt-opengis, Jar:commons-pool, Jar:systems-common-java8, Jar:jai_core, Jar:gt-cql, Jar:gt-main, Jar:jts-core, Jar:jdom2, Jar:geotools-suite, Jar:gt-shapefile, Jar:gt-data, Jar:gt-api, Jar:gt-jts-wrapper, Jar:gt-xsd-core, Jar:picocontainer, Jar:commons-jxpath, Jar:org.eclipse.emf.common, Jar:org.eclipse.emf.ecore, Jar:org.eclipse.xsd, Jar:org.eclipse.emf.ecore.xmi, Jar:gt-xsd-gml3, Jar:gt-coverage, Jar:jai_imageio, Jar:imageio-ext-tiff, Jar:imageio-ext-utilities, Jar:imageio-ext-geocore, Jar:imageio-ext-streams, Jar:jai_codec, Jar:jt-zonalstats, Jar:jt-utils, Jar:jt-affine, Jar:jt-algebra, Jar:jt-bandmerge, Jar:jt-bandselect, Jar:jt-bandcombine, Jar:jt-border, Jar:jt-buffer, Jar:jt-crop, Jar:jt-iterators, Jar:jt-lookup, Jar:jt-mosaic, Jar:jt-nullop, Jar:jt-rescale, Jar:jt-scale, Jar:jt-scale2, Jar:jt-stats, Jar:jt-translate, Jar:jt-utilities, Jar:jt-warp, Jar:jt-zonal, Jar:jt-binarize, Jar:jt-format, Jar:jt-colorconvert, Jar:jt-errordiffusion, Jar:jt-orderdither, Jar:jt-colorindexer, Jar:jt-imagefunction, Jar:jt-piecewise, Jar:jt-classifier, Jar:jt-rlookup, Jar:jt-vectorbin, Jar:jt-shadedrelief, Jar:gt-xsd-gml2, Jar:gt-xsd-filter, Jar:gt-xsd-fes, Jar:net.opengis.fes, Jar:org.w3.xlink, Jar:net.opengis.ows, Jar:gt-xsd-ows, Jar:gt-wfs-ng, Jar:gt-complex, Jar:gt-app-schema-resolver, Jar:gt-xml, Jar:xml-commons-resolver, Jar:gt-xsd-wfs, Jar:net.opengis.wfs, Jar:xpp3_min, Jar:commons-httpclient, Jar:gt-epsg-hsql, Jar:hsqldb, Jar:gt-epsg-extension, Jar:gt-referencing, Jar:ejml-ddense, Jar:ejml-core, Jar:jgridshift, Jar:GeographicLib-Java, Jar:gt-metadata, Jar:gt-geojson, Jar:json-simple, Jar:si-quantity, Jar:uom-lib-common, Jar:uom-se, Jar:systems-quantity, Jar:si-units-java8, Jar:geojson-metacard-transformer, Jar:geo-formatter, Jar:abdera-extensions-geo, Jar:abdera-client, Jar:abdera-core, Jar:abdera-i18n, Jar:geronimo-activation_1.1_spec, Jar:geronimo-stax-api_1.0_spec, Jar:abdera-parser, Jar:axiom-api, Jar:geronimo-javamail_1.4_spec, Jar:apache-mime4j-core, Jar:axiom-impl, Jar:wstx-asl, Jar:jaxen, Jar:catalog-transformer-propertyjson-metacard, Jar:action-core-api, Jar:spatial4j, Jar:versioning-common, Jar:versioning-api, Jar:quartz, Jar:mchange-commons-java, Jar:HikariCP-java7, Jar:quartz-jobs, Jar:c3p0, Jar:persistence-core-api, Jar:security-core-api, Jar:log4j-api, Jar:shiro-core, Jar:shiro-lang, Jar:shiro-cache, Jar:shiro-crypto-hash, Jar:shiro-crypto-core, Jar:shiro-crypto-cipher, Jar:shiro-config-core, Jar:shiro-config-ogdl, Jar:shiro-event, Jar:joda-time, Jar:security-handler-impl, Jar:security-core-impl, Jar:security-expansion-api, Jar:cxf-rt-frontend-jaxws, Jar:xml-resolver, Jar:cxf-rt-bindings-xml, Jar:cxf-rt-frontend-simple, Jar:cxf-rt-ws-addr, Jar:cxf-rt-ws-policy, Jar:cxf-rt-bindings-soap, Jar:cxf-rt-wsdl, Jar:wsdl4j, Jar:cxf-rt-databinding-jaxb, Jar:commons-beanutils, Jar:org.apache.karaf.jaas.boot, Jar:security-handler-api, Jar:security-filter-api, Jar:pac4j-core, Jar:pac4j-oidc, Jar:jackson-databind, Jar:jackson-annotations, Jar:jackson-core, Jar:javax.mail, Jar:activation, Jar:pac4j-oauth, Jar:scribejava-apis, Jar:scribejava-core, Jar:platform-parser-api, Jar:unit-api, Jar:measure-api, Jar:slf4j-ext, Jar:platform-email-api, Jar:jakarta.mail-api, Jar:catalog-core-commons, Jar:xalan, Jar:xercesImpl, Jar:xml-apis, Jar:serializer, Jar:handlebars, Jar:rhino, Jar:antlr4-runtime, Jar:antlr4-annotations, Jar:catalog-ui-enumeration, Jar:deprecatable-enumeration-api, Jar:spatial-geocoding-api, Jar:spatial-geocoding-geocoder, Jar:json-smart, Jar:accessors-smart, Jar:asm, Jar:asm, Jar:session-management-api, Jar:action-core-impl, Jar:util-uuidgenerator-api, Jar:catalog-core-attachment, Jar:catalog-ui-search-api, Jar:security-servlet-logout-api, Jar:platform-configuration-service, Jar:mime-core-api, Jar:tika-core, Jar:platform-usng4j-api, Jar:usng4j-api, Jar:resource-bundle-locator, Jar:catalog-core-commands, Jar:org.apache.karaf.shell.console, Jar:jline, Jar:jansi, Jar:org.apache.karaf.jaas.modules, Jar:org.apache.karaf.jaas.config, Jar:org.apache.karaf.shell.core, Jar:sshd-core, Jar:joda-convert, Jar:catalog-core-standardframework, Jar:catalog-core-actions, Jar:catalog-core-metricsplugin, Jar:ddf-pubsub, Jar:notifications, Jar:activities, Jar:hazelcast, Jar:security-encryption-api, Jar:commons-compress, Jar:catalog-transformer-zip, Jar:wss4j-ws-security-common, Jar:opensaml-saml-impl, Jar:opensaml-saml-api, Jar:opensaml-xacml-impl, Jar:opensaml-xacml-api, Jar:opensaml-xacml-saml-impl, Jar:opensaml-xacml-saml-api, Jar:jasypt, Jar:geronimo-javamail_1.4_mail, Jar:ant, Jar:ant-launcher, Jar:owasp-java-html-sanitizer, Jar:catalog-rest-api, Jar:cxf-rt-frontend-jaxrs, Jar:cxf-core, Jar:woodstox-core, Jar:stax2-api, Jar:xmlschema-core, Jar:jakarta.ws.rs-api, Jar:jakarta.annotation-api, Jar:cxf-rt-transports-http, Jar:cxf-rt-security, Jar:guava, Jar:failureaccess, Jar:listenablefuture, Jar:checker-qual, Jar:error_prone_annotations, Jar:j2objc-annotations, Jar:catalog-ui-splitter, Jar:platform-configuration, Jar:org.apache.felix.utils, Jar:cxf-rt-rs-security-sso-saml, Jar:cxf-rt-rs-security-xml, Jar:ehcache, Jar:cxf-rt-security-saml, Jar:neethi, Jar:woodstox-core-asl, Jar:stax-api, Jar:wss4j-ws-security-dom, Jar:validation-api, Jar:opensaml-core, Jar:metrics-core, Jar:java-support, Jar:opensaml-xmlsec-api, Jar:opensaml-security-api, Jar:opensaml-messaging-api, Jar:opensaml-soap-impl, Jar:opensaml-soap-api, Jar:opensaml-profile-api, Jar:opensaml-xmlsec-impl, Jar:xmlsec, Jar:cryptacular, Jar:opensaml-security-impl, Jar:oauth2-oidc-sdk, Jar:jcip-annotations, Jar:content-type, Jar:nimbus-jose-jwt, Jar:lang-tag, Jar:google-http-client, Jar:alerts, Jar:commons-math3, Jar:security-servlet-web-socket-api, Jar:asm, Jar:objenesis]
[WARNING] Bundle org.codice.ddf.search:catalog-ui-search:bundle:4.2.1 : Export org.codice.ddf.catalog.ui.alias,  has 1,  private references [com.google.common.collect]
[INFO] 
[INFO] --- maven-assembly-plugin:2.2-beta-5:single (create-archive) @ catalog-ui-search ---
[INFO] Building zip: /opt/projects/ddf-ui-real/ui-backend/catalog-ui-search/target/catalog-ui-search-src.zip
[INFO] 
[INFO] --- maven-enforcer-plugin:1.4.1:enforce (check-artifact-size) @ catalog-ui-search ---
[INFO] artifactLocation property not specified. Looking up artifact using maven properties.
[INFO] 
[INFO] --- jacoco-maven-plugin:0.8.4:check (default-check) @ catalog-ui-search ---
[INFO] Skipping JaCoCo execution due to missing execution data file:/opt/projects/ddf-ui-real/ui-backend/catalog-ui-search/target/jacoco.exec
[INFO] 
[INFO] --- maven-install-plugin:3.0.0-M1:install (default-install) @ catalog-ui-search ---
[INFO] Installing /opt/projects/ddf-ui-real/ui-backend/catalog-ui-search/target/catalog-ui-search-4.2.1.jar to /Users/glenhein/.m2/repository/org/codice/ddf/search/catalog-ui-search/4.2.1/catalog-ui-search-4.2.1.jar
[INFO] Installing /opt/projects/ddf-ui-real/ui-backend/catalog-ui-search/pom.xml to /Users/glenhein/.m2/repository/org/codice/ddf/search/catalog-ui-search/4.2.1/catalog-ui-search-4.2.1.pom
[INFO] Installing /opt/projects/ddf-ui-real/ui-backend/catalog-ui-search/target/catalog-ui-search-src.zip to /Users/glenhein/.m2/repository/org/codice/ddf/search/catalog-ui-search/4.2.1/catalog-ui-search-4.2.1-src.zip
[INFO] 
[INFO] --- maven-bundle-plugin:4.2.1:install (default-install) @ catalog-ui-search ---
[INFO] Local OBR update disabled (enable with -DobrRepository)
[INFO] ------------------------------------------------------------------------
[INFO] BUILD SUCCESS
[INFO] ------------------------------------------------------------------------
[INFO] Total time:  29.489 s
[INFO] Finished at: 2021-05-12T06:20:26-07:00
[INFO] ------------------------------------------------------------------------
